# JRE version: OpenJDK Runtime Environment GraalVM CE 22.3.0 (17.0.5+8) (build 17.0.5+8-jvmci-22.3-b08)
# Java VM: OpenJDK 64-Bit Server VM GraalVM CE 22.3.0 (17.0.5+8-jvmci-22.3-b08, mixed mode, sharing, tiered, jvmci, jvmci compiler, compressed oops, compressed class ptrs, parallel gc, linux-amd64)
GC Precious Log:
 CPUs: 8 total, 1 available
 Memory: 1024M
 Large Page Support: Disabled
 NUMA Support: Disabled
 Compressed Oops: Enabled (32-bit)
 Alignments: Space 512K, Generation 512K, Heap 2M
 Heap Min Capacity: 100M
 Heap Initial Capacity: 100M
 Heap Max Capacity: 512M
 Pre-touch: Disabled
 Parallel Workers: 1
Heap:
 PSYoungGen      total 35328K, used 28671K [0x00000000f5580000, 0x00000000f7f80000, 0x0000000100000000)
  eden space 28672K, 99% used [0x00000000f5580000,0x00000000f717fff0,0x00000000f7180000)
  from space 6656K, 0% used [0x00000000f7180000,0x00000000f7180000,0x00000000f7800000)
  to   space 6656K, 0% used [0x00000000f7800000,0x00000000f7800000,0x00000000f7e80000)
 ParOldGen       total 349696K, used 349695K [0x00000000e0000000, 0x00000000f5580000, 0x00000000f5580000)
  object space 349696K, 99% used [0x00000000e0000000,0x00000000f557fd40,0x00000000f5580000)
 Metaspace       used 62418K, committed 63296K, reserved 1114112K
  class space    used 5861K, committed 6272K, reserved 1048576K
GC Heap History (20 events):
Event: 856.133 GC heap before
{Heap before GC invocations=674 (full 504):
 PSYoungGen      total 35328K, used 28672K [0x00000000f5580000, 0x00000000f7f80000, 0x0000000100000000)
  eden space 28672K, 100% used [0x00000000f5580000,0x00000000f7180000,0x00000000f7180000)
  from space 6656K, 0% used [0x00000000f7180000,0x00000000f7180000,0x00000000f7800000)
  to   space 6656K, 0% used [0x00000000f7800000,0x00000000f7800000,0x00000000f7e80000)
 ParOldGen       total 349696K, used 349692K [0x00000000e0000000, 0x00000000f5580000, 0x00000000f5580000)
  object space 349696K, 99% used [0x00000000e0000000,0x00000000f557f3e8,0x00000000f5580000)
 Metaspace       used 62418K, committed 63296K, reserved 1114112K
  class space    used 5861K, committed 6272K, reserved 1048576K
}
Event: 857.392 GC heap after
{Heap after GC invocations=674 (full 504):
 PSYoungGen      total 35328K, used 28671K [0x00000000f5580000, 0x00000000f7f80000, 0x0000000100000000)
  eden space 28672K, 99% used [0x00000000f5580000,0x00000000f717ffd0,0x00000000f7180000)
  from space 6656K, 0% used [0x00000000f7800000,0x00000000f7800000,0x00000000f7e80000)
  to   space 6656K, 0% used [0x00000000f7180000,0x00000000f7180000,0x00000000f7800000)
 ParOldGen       total 349696K, used 349691K [0x00000000e0000000, 0x00000000f5580000, 0x00000000f5580000)
  object space 349696K, 99% used [0x00000000e0000000,0x00000000f557ef50,0x00000000f5580000)
 Metaspace       used 62418K, committed 63296K, reserved 1114112K
  class space    used 5861K, committed 6272K, reserved 1048576K
}
Event: 857.392 GC heap before
{Heap before GC invocations=675 (full 505):
 PSYoungGen      total 35328K, used 28672K [0x00000000f5580000, 0x00000000f7f80000, 0x0000000100000000)
  eden space 28672K, 100% used [0x00000000f5580000,0x00000000f7180000,0x00000000f7180000)
  from space 6656K, 0% used [0x00000000f7800000,0x00000000f7800000,0x00000000f7e80000)
  to   space 6656K, 0% used [0x00000000f7180000,0x00000000f7180000,0x00000000f7800000)
 ParOldGen       total 349696K, used 349693K [0x00000000e0000000, 0x00000000f5580000, 0x00000000f5580000)
  object space 349696K, 99% used [0x00000000e0000000,0x00000000f557f6c0,0x00000000f5580000)
 Metaspace       used 62418K, committed 63296K, reserved 1114112K
  class space    used 5861K, committed 6272K, reserved 1048576K
}
Event: 858.734 GC heap after
{Heap after GC invocations=675 (full 505):
 PSYoungGen      total 35328K, used 28671K [0x00000000f5580000, 0x00000000f7f80000, 0x0000000100000000)
  eden space 28672K, 99% used [0x00000000f5580000,0x00000000f717ffd0,0x00000000f7180000)
  from space 6656K, 0% used [0x00000000f7180000,0x00000000f7180000,0x00000000f7800000)
  to   space 6656K, 0% used [0x00000000f7800000,0x00000000f7800000,0x00000000f7e80000)
 ParOldGen       total 349696K, used 349692K [0x00000000e0000000, 0x00000000f5580000, 0x00000000f5580000)
  object space 349696K, 99% used [0x00000000e0000000,0x00000000f557f198,0x00000000f5580000)
 Metaspace       used 62418K, committed 63296K, reserved 1114112K
  class space    used 5861K, committed 6272K, reserved 1048576K
}
Event: 858.786 GC heap before
{Heap before GC invocations=676 (full 506):
 PSYoungGen      total 35328K, used 28672K [0x00000000f5580000, 0x00000000f7f80000, 0x0000000100000000)
  eden space 28672K, 100% used [0x00000000f5580000,0x00000000f7180000,0x00000000f7180000)
  from space 6656K, 0% used [0x00000000f7180000,0x00000000f7180000,0x00000000f7800000)
  to   space 6656K, 0% used [0x00000000f7800000,0x00000000f7800000,0x00000000f7e80000)
 ParOldGen       total 349696K, used 349694K [0x00000000e0000000, 0x00000000f5580000, 0x00000000f5580000)
  object space 349696K, 99% used [0x00000000e0000000,0x00000000f557f970,0x00000000f5580000)
 Metaspace       used 62418K, committed 63296K, reserved 1114112K
  class space    used 5861K, committed 6272K, reserved 1048576K
}
Event: 860.122 GC heap after
{Heap after GC invocations=676 (full 506):
 PSYoungGen      total 35328K, used 28671K [0x00000000f5580000, 0x00000000f7f80000, 0x0000000100000000)
  eden space 28672K, 99% used [0x00000000f5580000,0x00000000f717ffd0,0x00000000f7180000)
  from space 6656K, 0% used [0x00000000f7800000,0x00000000f7800000,0x00000000f7e80000)
  to   space 6656K, 0% used [0x00000000f7180000,0x00000000f7180000,0x00000000f7800000)
 ParOldGen       total 349696K, used 349693K [0x00000000e0000000, 0x00000000f5580000, 0x00000000f5580000)
  object space 349696K, 99% used [0x00000000e0000000,0x00000000f557f520,0x00000000f5580000)
 Metaspace       used 62418K, committed 63296K, reserved 1114112K
  class space    used 5861K, committed 6272K, reserved 1048576K
}
Event: 860.123 GC heap before
{Heap before GC invocations=677 (full 507):
 PSYoungGen      total 35328K, used 28671K [0x00000000f5580000, 0x00000000f7f80000, 0x0000000100000000)
  eden space 28672K, 99% used [0x00000000f5580000,0x00000000f717ffe8,0x00000000f7180000)
  from space 6656K, 0% used [0x00000000f7800000,0x00000000f7800000,0x00000000f7e80000)
  to   space 6656K, 0% used [0x00000000f7180000,0x00000000f7180000,0x00000000f7800000)
 ParOldGen       total 349696K, used 349693K [0x00000000e0000000, 0x00000000f5580000, 0x00000000f5580000)
  object space 349696K, 99% used [0x00000000e0000000,0x00000000f557f520,0x00000000f5580000)
 Metaspace       used 62418K, committed 63296K, reserved 1114112K
  class space    used 5861K, committed 6272K, reserved 1048576K
}
Event: 861.446 GC heap after
{Heap after GC invocations=677 (full 507):
 PSYoungGen      total 35328K, used 28671K [0x00000000f5580000, 0x00000000f7f80000, 0x0000000100000000)
  eden space 28672K, 99% used [0x00000000f5580000,0x00000000f717ffd0,0x00000000f7180000)
  from space 6656K, 0% used [0x00000000f7180000,0x00000000f7180000,0x00000000f7800000)
  to   space 6656K, 0% used [0x00000000f7800000,0x00000000f7800000,0x00000000f7e80000)
 ParOldGen       total 349696K, used 349693K [0x00000000e0000000, 0x00000000f5580000, 0x00000000f5580000)
  object space 349696K, 99% used [0x00000000e0000000,0x00000000f557f4f0,0x00000000f5580000)
 Metaspace       used 62418K, committed 63296K, reserved 1114112K
  class space    used 5861K, committed 6272K, reserved 1048576K
}
Event: 861.446 GC heap before
{Heap before GC invocations=678 (full 508):
 PSYoungGen      total 35328K, used 28672K [0x00000000f5580000, 0x00000000f7f80000, 0x0000000100000000)
  eden space 28672K, 100% used [0x00000000f5580000,0x00000000f7180000,0x00000000f7180000)
  from space 6656K, 0% used [0x00000000f7180000,0x00000000f7180000,0x00000000f7800000)
  to   space 6656K, 0% used [0x00000000f7800000,0x00000000f7800000,0x00000000f7e80000)
 ParOldGen       total 349696K, used 349695K [0x00000000e0000000, 0x00000000f5580000, 0x00000000f5580000)
  object space 349696K, 99% used [0x00000000e0000000,0x00000000f557fe08,0x00000000f5580000)
 Metaspace       used 62418K, committed 63296K, reserved 1114112K
  class space    used 5861K, committed 6272K, reserved 1048576K
}
Event: 862.900 GC heap after
{Heap after GC invocations=678 (full 508):
 PSYoungGen      total 35328K, used 28671K [0x00000000f5580000, 0x00000000f7f80000, 0x0000000100000000)
  eden space 28672K, 99% used [0x00000000f5580000,0x00000000f717ffd0,0x00000000f7180000)
  from space 6656K, 0% used [0x00000000f7800000,0x00000000f7800000,0x00000000f7e80000)
  to   space 6656K, 0% used [0x00000000f7180000,0x00000000f7180000,0x00000000f7800000)
 ParOldGen       total 349696K, used 349693K [0x00000000e0000000, 0x00000000f5580000, 0x00000000f5580000)
  object space 349696K, 99% used [0x00000000e0000000,0x00000000f557f5c0,0x00000000f5580000)
 Metaspace       used 62418K, committed 63296K, reserved 1114112K
  class space    used 5861K, committed 6272K, reserved 1048576K
}
Event: 862.901 GC heap before
{Heap before GC invocations=679 (full 509):
 PSYoungGen      total 35328K, used 28672K [0x00000000f5580000, 0x00000000f7f80000, 0x0000000100000000)
  eden space 28672K, 100% used [0x00000000f5580000,0x00000000f7180000,0x00000000f7180000)
  from space 6656K, 0% used [0x00000000f7800000,0x00000000f7800000,0x00000000f7e80000)
  to   space 6656K, 0% used [0x00000000f7180000,0x00000000f7180000,0x00000000f7800000)
 ParOldGen       total 349696K, used 349693K [0x00000000e0000000, 0x00000000f5580000, 0x00000000f5580000)
  object space 349696K, 99% used [0x00000000e0000000,0x00000000f557f5c0,0x00000000f5580000)
 Metaspace       used 62418K, committed 63296K, reserved 1114112K
  class space    used 5861K, committed 6272K, reserved 1048576K
}
Event: 864.216 GC heap after
{Heap after GC invocations=679 (full 509):
 PSYoungGen      total 35328K, used 28671K [0x00000000f5580000, 0x00000000f7f80000, 0x0000000100000000)
  eden space 28672K, 99% used [0x00000000f5580000,0x00000000f717fff0,0x00000000f7180000)
  from space 6656K, 0% used [0x00000000f7180000,0x00000000f7180000,0x00000000f7800000)
  to   space 6656K, 0% used [0x00000000f7800000,0x00000000f7800000,0x00000000f7e80000)
 ParOldGen       total 349696K, used 349693K [0x00000000e0000000, 0x00000000f5580000, 0x00000000f5580000)
  object space 349696K, 99% used [0x00000000e0000000,0x00000000f557f5c0,0x00000000f5580000)
 Metaspace       used 62418K, committed 63296K, reserved 1114112K
  class space    used 5861K, committed 6272K, reserved 1048576K
}
Event: 864.216 GC heap before
{Heap before GC invocations=680 (full 510):
 PSYoungGen      total 35328K, used 28672K [0x00000000f5580000, 0x00000000f7f80000, 0x0000000100000000)
  eden space 28672K, 100% used [0x00000000f5580000,0x00000000f7180000,0x00000000f7180000)
  from space 6656K, 0% used [0x00000000f7180000,0x00000000f7180000,0x00000000f7800000)
  to   space 6656K, 0% used [0x00000000f7800000,0x00000000f7800000,0x00000000f7e80000)
 ParOldGen       total 349696K, used 349693K [0x00000000e0000000, 0x00000000f5580000, 0x00000000f5580000)
  object space 349696K, 99% used [0x00000000e0000000,0x00000000f557f5c0,0x00000000f5580000)
 Metaspace       used 62418K, committed 63296K, reserved 1114112K
  class space    used 5861K, committed 6272K, reserved 1048576K
}
Event: 865.619 GC heap after
{Heap after GC invocations=680 (full 510):
 PSYoungGen      total 35328K, used 28671K [0x00000000f5580000, 0x00000000f7f80000, 0x0000000100000000)
  eden space 28672K, 99% used [0x00000000f5580000,0x00000000f717fff0,0x00000000f7180000)
  from space 6656K, 0% used [0x00000000f7800000,0x00000000f7800000,0x00000000f7e80000)
  to   space 6656K, 0% used [0x00000000f7180000,0x00000000f7180000,0x00000000f7800000)
 ParOldGen       total 349696K, used 349693K [0x00000000e0000000, 0x00000000f5580000, 0x00000000f5580000)
  object space 349696K, 99% used [0x00000000e0000000,0x00000000f557f5c0,0x00000000f5580000)
 Metaspace       used 62418K, committed 63296K, reserved 1114112K
  class space    used 5861K, committed 6272K, reserved 1048576K
}
Event: 865.619 GC heap before
{Heap before GC invocations=681 (full 511):
 PSYoungGen      total 35328K, used 28672K [0x00000000f5580000, 0x00000000f7f80000, 0x0000000100000000)
  eden space 28672K, 100% used [0x00000000f5580000,0x00000000f7180000,0x00000000f7180000)
  from space 6656K, 0% used [0x00000000f7800000,0x00000000f7800000,0x00000000f7e80000)
  to   space 6656K, 0% used [0x00000000f7180000,0x00000000f7180000,0x00000000f7800000)
 ParOldGen       total 349696K, used 349693K [0x00000000e0000000, 0x00000000f5580000, 0x00000000f5580000)
  object space 349696K, 99% used [0x00000000e0000000,0x00000000f557f5c0,0x00000000f5580000)
 Metaspace       used 62418K, committed 63296K, reserved 1114112K
  class space    used 5861K, committed 6272K, reserved 1048576K
}
Event: 867.023 GC heap after
{Heap after GC invocations=681 (full 511):
 PSYoungGen      total 35328K, used 28671K [0x00000000f5580000, 0x00000000f7f80000, 0x0000000100000000)
  eden space 28672K, 99% used [0x00000000f5580000,0x00000000f717fff0,0x00000000f7180000)
  from space 6656K, 0% used [0x00000000f7180000,0x00000000f7180000,0x00000000f7800000)
  to   space 6656K, 0% used [0x00000000f7800000,0x00000000f7800000,0x00000000f7e80000)
 ParOldGen       total 349696K, used 349693K [0x00000000e0000000, 0x00000000f5580000, 0x00000000f5580000)
  object space 349696K, 99% used [0x00000000e0000000,0x00000000f557f5c0,0x00000000f5580000)
 Metaspace       used 62418K, committed 63296K, reserved 1114112K
  class space    used 5861K, committed 6272K, reserved 1048576K
}
Event: 867.023 GC heap before
{Heap before GC invocations=682 (full 512):
 PSYoungGen      total 35328K, used 28672K [0x00000000f5580000, 0x00000000f7f80000, 0x0000000100000000)
  eden space 28672K, 100% used [0x00000000f5580000,0x00000000f7180000,0x00000000f7180000)
  from space 6656K, 0% used [0x00000000f7180000,0x00000000f7180000,0x00000000f7800000)
  to   space 6656K, 0% used [0x00000000f7800000,0x00000000f7800000,0x00000000f7e80000)
 ParOldGen       total 349696K, used 349693K [0x00000000e0000000, 0x00000000f5580000, 0x00000000f5580000)
  object space 349696K, 99% used [0x00000000e0000000,0x00000000f557f5c0,0x00000000f5580000)
 Metaspace       used 62418K, committed 63296K, reserved 1114112K
  class space    used 5861K, committed 6272K, reserved 1048576K
}
Event: 868.316 GC heap after
{Heap after GC invocations=682 (full 512):
 PSYoungGen      total 35328K, used 28671K [0x00000000f5580000, 0x00000000f7f80000, 0x0000000100000000)
  eden space 28672K, 99% used [0x00000000f5580000,0x00000000f717fff0,0x00000000f7180000)
  from space 6656K, 0% used [0x00000000f7800000,0x00000000f7800000,0x00000000f7e80000)
  to   space 6656K, 0% used [0x00000000f7180000,0x00000000f7180000,0x00000000f7800000)
 ParOldGen       total 349696K, used 349693K [0x00000000e0000000, 0x00000000f5580000, 0x00000000f5580000)
  object space 349696K, 99% used [0x00000000e0000000,0x00000000f557f5c0,0x00000000f5580000)
 Metaspace       used 62418K, committed 63296K, reserved 1114112K
  class space    used 5861K, committed 6272K, reserved 1048576K
}
Event: 868.316 GC heap before
{Heap before GC invocations=683 (full 513):
 PSYoungGen      total 35328K, used 28671K [0x00000000f5580000, 0x00000000f7f80000, 0x0000000100000000)
  eden space 28672K, 99% used [0x00000000f5580000,0x00000000f717fff0,0x00000000f7180000)
  from space 6656K, 0% used [0x00000000f7800000,0x00000000f7800000,0x00000000f7e80000)
  to   space 6656K, 0% used [0x00000000f7180000,0x00000000f7180000,0x00000000f7800000)
 ParOldGen       total 349696K, used 349693K [0x00000000e0000000, 0x00000000f5580000, 0x00000000f5580000)
  object space 349696K, 99% used [0x00000000e0000000,0x00000000f557f5c0,0x00000000f5580000)
 Metaspace       used 62418K, committed 63296K, reserved 1114112K
  class space    used 5861K, committed 6272K, reserved 1048576K
}
Event: 869.820 GC heap after
{Heap after GC invocations=683 (full 513):
 PSYoungGen      total 35328K, used 28671K [0x00000000f5580000, 0x00000000f7f80000, 0x0000000100000000)
  eden space 28672K, 99% used [0x00000000f5580000,0x00000000f717fff0,0x00000000f7180000)
  from space 6656K, 0% used [0x00000000f7180000,0x00000000f7180000,0x00000000f7800000)
  to   space 6656K, 0% used [0x00000000f7800000,0x00000000f7800000,0x00000000f7e80000)
 ParOldGen       total 349696K, used 349693K [0x00000000e0000000, 0x00000000f5580000, 0x00000000f5580000)
  object space 349696K, 99% used [0x00000000e0000000,0x00000000f557f5c0,0x00000000f5580000)
 Metaspace       used 62418K, committed 63296K, reserved 1114112K
  class space    used 5861K, committed 6272K, reserved 1048576K
}

